<?xml version="1.0" encoding="UTF-8"?>
<!-- Generated by org.testng.reporters.JUnitXMLReporter -->
<testsuite ignored="0" hostname="DESKTOP-TRK2IDM" failures="0" tests="2" name="Default test" time="44.347" errors="0" timestamp="13 Jul 2020 17:59:54 GMT">
  <testcase classname="co.mercury.qa.testcases.SelectFlightTest" name="verifySelectFlight" time="2.11"/>
  <testcase classname="co.mercury.qa.testcases.SelectFlightTest" name="verifySelectFlight" time="1.624"/>
</testsuite> <!-- Default test -->
