<?xml version="1.0" encoding="UTF-8"?>
<!-- Generated by org.testng.reporters.JUnitXMLReporter -->
<testsuite ignored="0" hostname="DESKTOP-TRK2IDM" failures="0" tests="3" name="Flight Finder Test" time="45.759" errors="0" timestamp="13 Jul 2020 18:33:23 GMT">
  <testcase classname="co.mercury.qa.testcases.FlightFinderTest" name="verifyFlightFinderTitle" time="0.032"/>
  <testcase classname="co.mercury.qa.testcases.FlightFinderTest" name="flightFinderForm" time="4.061"/>
  <testcase classname="co.mercury.qa.testcases.FlightFinderTest" name="flightFinderForm" time="3.284"/>
</testsuite> <!-- Flight Finder Test -->
