<?xml version="1.0" encoding="UTF-8"?>
<!-- Generated by org.testng.reporters.JUnitXMLReporter -->
<testsuite ignored="0" hostname="DESKTOP-TRK2IDM" failures="0" tests="3" name="Login Test" time="42.339" errors="0" timestamp="13 Jul 2020 18:32:38 GMT">
  <testcase classname="co.mercury.qa.testcases.LoginPageTest" name="loginPageTitleTest" time="0.036"/>
  <testcase classname="co.mercury.qa.testcases.LoginPageTest" name="loginTest" time="2.96"/>
  <testcase classname="co.mercury.qa.testcases.LoginPageTest" name="loginTest" time="2.858"/>
</testsuite> <!-- Login Test -->
