<?xml version="1.0" encoding="UTF-8"?>
<!-- Generated by org.testng.reporters.JUnitXMLReporter -->
<testsuite ignored="0" hostname="DESKTOP-TRK2IDM" failures="0" tests="7" name="MercuryPageObjectModelTest" time="124.0" errors="0" timestamp="10 Jul 2020 17:52:27 GMT">
  <testcase classname="co.mercury.qa.testcases.FlightFinderTest" name="verifyFlightFinderTitle" time="0.263"/>
  <testcase classname="co.mercury.qa.testcases.LoginPageTest" name="loginPageTitleTest" time="0.062"/>
  <testcase classname="co.mercury.qa.testcases.SelectFlightTest" name="verifySelectOutFlight" time="0.346"/>
  <testcase classname="co.mercury.qa.testcases.FlightFinderTest" name="flightFinderForm" time="4.01"/>
  <testcase classname="co.mercury.qa.testcases.LoginPageTest" name="loginTest" time="2.825"/>
  <testcase classname="co.mercury.qa.testcases.SelectFlightTest" name="verifyReserveFlight" time="1.124"/>
  <testcase classname="co.mercury.qa.testcases.SelectFlightTest" name="verifySelectReturnFlight" time="0.361"/>
</testsuite> <!-- MercuryPageObjectModelTest -->
