<?xml version="1.0" encoding="UTF-8"?>
<!-- Generated by org.testng.reporters.JUnitXMLReporter -->
<testsuite ignored="0" hostname="DESKTOP-TRK2IDM" failures="0" tests="2" name="Select Flight Test" time="35.923" errors="0" timestamp="13 Jul 2020 18:33:59 GMT">
  <testcase classname="co.mercury.qa.testcases.SelectFlightTest" name="verifySelectFlight" time="1.636"/>
  <testcase classname="co.mercury.qa.testcases.SelectFlightTest" name="verifySelectFlight" time="1.579"/>
</testsuite> <!-- Select Flight Test -->
