<?xml version="1.0" encoding="UTF-8"?>
<testng-results ignored="0" total="8" passed="8" failed="0" skipped="0">
  <reporter-output>
  </reporter-output>
  <suite started-at="2020-07-13T18:31:55Z" name="Suite" finished-at="2020-07-13T18:33:59Z" duration-ms="124090">
    <groups>
    </groups>
    <test started-at="2020-07-13T18:31:55Z" name="Login Test" finished-at="2020-07-13T18:32:38Z" duration-ms="42339">
      <class name="co.mercury.qa.testcases.LoginPageTest">
        <test-method is-config="true" signature="setUp()[pri:0, instance:co.mercury.qa.testcases.LoginPageTest@1c7696c6]" started-at="2020-07-13T11:31:55Z" name="setUp" finished-at="2020-07-13T11:32:07Z" duration-ms="11666" status="PASS">
          <reporter-output>
          </reporter-output>
        </test-method> <!-- setUp -->
        <test-method signature="loginPageTitleTest()[pri:1, instance:co.mercury.qa.testcases.LoginPageTest@1c7696c6]" started-at="2020-07-13T11:32:07Z" name="loginPageTitleTest" finished-at="2020-07-13T11:32:07Z" duration-ms="36" status="PASS">
          <reporter-output>
          </reporter-output>
        </test-method> <!-- loginPageTitleTest -->
        <test-method is-config="true" signature="tearDown()[pri:0, instance:co.mercury.qa.testcases.LoginPageTest@1c7696c6]" started-at="2020-07-13T11:32:07Z" name="tearDown" finished-at="2020-07-13T11:32:09Z" duration-ms="2083" status="PASS">
          <reporter-output>
          </reporter-output>
        </test-method> <!-- tearDown -->
        <test-method is-config="true" signature="setUp()[pri:0, instance:co.mercury.qa.testcases.LoginPageTest@1c7696c6]" started-at="2020-07-13T11:32:11Z" name="setUp" finished-at="2020-07-13T11:32:20Z" duration-ms="8869" status="PASS">
          <reporter-output>
          </reporter-output>
        </test-method> <!-- setUp -->
        <test-method signature="loginTest(java.lang.String, java.lang.String)[pri:2, instance:co.mercury.qa.testcases.LoginPageTest@1c7696c6]" started-at="2020-07-13T11:32:20Z" name="loginTest" data-provider="getLoginData" finished-at="2020-07-13T11:32:23Z" duration-ms="2960" status="PASS">
          <params>
            <param index="0">
              <value>
                <![CDATA[anurag.verma]]>
              </value>
            </param>
            <param index="1">
              <value>
                <![CDATA[admin]]>
              </value>
            </param>
          </params>
          <reporter-output>
          </reporter-output>
        </test-method> <!-- loginTest -->
        <test-method is-config="true" signature="tearDown()[pri:0, instance:co.mercury.qa.testcases.LoginPageTest@1c7696c6]" started-at="2020-07-13T11:32:23Z" name="tearDown" finished-at="2020-07-13T11:32:25Z" duration-ms="1780" status="PASS">
          <reporter-output>
          </reporter-output>
        </test-method> <!-- tearDown -->
        <test-method is-config="true" signature="setUp()[pri:0, instance:co.mercury.qa.testcases.LoginPageTest@1c7696c6]" started-at="2020-07-13T11:32:25Z" name="setUp" finished-at="2020-07-13T11:32:33Z" duration-ms="8193" status="PASS">
          <reporter-output>
          </reporter-output>
        </test-method> <!-- setUp -->
        <test-method signature="loginTest(java.lang.String, java.lang.String)[pri:2, instance:co.mercury.qa.testcases.LoginPageTest@1c7696c6]" started-at="2020-07-13T11:32:33Z" name="loginTest" data-provider="getLoginData" finished-at="2020-07-13T11:32:36Z" duration-ms="2858" status="PASS">
          <params>
            <param index="0">
              <value>
                <![CDATA[css@abc.com]]>
              </value>
            </param>
            <param index="1">
              <value>
                <![CDATA[cssadmin]]>
              </value>
            </param>
          </params>
          <reporter-output>
          </reporter-output>
        </test-method> <!-- loginTest -->
        <test-method is-config="true" signature="tearDown()[pri:0, instance:co.mercury.qa.testcases.LoginPageTest@1c7696c6]" started-at="2020-07-13T11:32:36Z" name="tearDown" finished-at="2020-07-13T11:32:38Z" duration-ms="1806" status="PASS">
          <reporter-output>
          </reporter-output>
        </test-method> <!-- tearDown -->
      </class> <!-- co.mercury.qa.testcases.LoginPageTest -->
    </test> <!-- Login Test -->
    <test started-at="2020-07-13T18:32:38Z" name="Flight Finder Test" finished-at="2020-07-13T18:33:23Z" duration-ms="45759">
      <class name="co.mercury.qa.testcases.FlightFinderTest">
        <test-method is-config="true" signature="setUp()[pri:0, instance:co.mercury.qa.testcases.FlightFinderTest@6e9175d8]" started-at="2020-07-13T11:32:38Z" name="setUp" finished-at="2020-07-13T11:32:49Z" duration-ms="10964" status="PASS">
          <reporter-output>
          </reporter-output>
        </test-method> <!-- setUp -->
        <test-method signature="verifyFlightFinderTitle()[pri:0, instance:co.mercury.qa.testcases.FlightFinderTest@6e9175d8]" started-at="2020-07-13T11:32:49Z" name="verifyFlightFinderTitle" finished-at="2020-07-13T11:32:49Z" duration-ms="32" status="PASS">
          <reporter-output>
          </reporter-output>
        </test-method> <!-- verifyFlightFinderTitle -->
        <test-method is-config="true" signature="tearDown()[pri:0, instance:co.mercury.qa.testcases.FlightFinderTest@6e9175d8]" started-at="2020-07-13T11:32:49Z" name="tearDown" finished-at="2020-07-13T11:32:51Z" duration-ms="1885" status="PASS">
          <reporter-output>
          </reporter-output>
        </test-method> <!-- tearDown -->
        <test-method is-config="true" signature="setUp()[pri:0, instance:co.mercury.qa.testcases.FlightFinderTest@6e9175d8]" started-at="2020-07-13T11:32:51Z" name="setUp" finished-at="2020-07-13T11:33:02Z" duration-ms="11042" status="PASS">
          <reporter-output>
          </reporter-output>
        </test-method> <!-- setUp -->
        <test-method signature="flightFinderForm(java.lang.String, java.lang.String, java.lang.String, java.lang.String, java.lang.String, java.lang.String, java.lang.String, java.lang.String, java.lang.String, java.lang.String)[pri:2, instance:co.mercury.qa.testcases.FlightFinderTest@6e9175d8]" started-at="2020-07-13T11:33:02Z" name="flightFinderForm" data-provider="getTestData" finished-at="2020-07-13T11:33:06Z" duration-ms="4061" status="PASS">
          <params>
            <param index="0">
              <value>
                <![CDATA[roundtrip]]>
              </value>
            </param>
            <param index="1">
              <value>
                <![CDATA[3]]>
              </value>
            </param>
            <param index="2">
              <value>
                <![CDATA[New York]]>
              </value>
            </param>
            <param index="3">
              <value>
                <![CDATA[August]]>
              </value>
            </param>
            <param index="4">
              <value>
                <![CDATA[28]]>
              </value>
            </param>
            <param index="5">
              <value>
                <![CDATA[Paris]]>
              </value>
            </param>
            <param index="6">
              <value>
                <![CDATA[October]]>
              </value>
            </param>
            <param index="7">
              <value>
                <![CDATA[10]]>
              </value>
            </param>
            <param index="8">
              <value>
                <![CDATA[Business]]>
              </value>
            </param>
            <param index="9">
              <value>
                <![CDATA[Unified Airlines]]>
              </value>
            </param>
          </params>
          <reporter-output>
          </reporter-output>
        </test-method> <!-- flightFinderForm -->
        <test-method is-config="true" signature="tearDown()[pri:0, instance:co.mercury.qa.testcases.FlightFinderTest@6e9175d8]" started-at="2020-07-13T11:33:06Z" name="tearDown" finished-at="2020-07-13T11:33:08Z" duration-ms="1713" status="PASS">
          <reporter-output>
          </reporter-output>
        </test-method> <!-- tearDown -->
        <test-method is-config="true" signature="setUp()[pri:0, instance:co.mercury.qa.testcases.FlightFinderTest@6e9175d8]" started-at="2020-07-13T11:33:08Z" name="setUp" finished-at="2020-07-13T11:33:18Z" duration-ms="10802" status="PASS">
          <reporter-output>
          </reporter-output>
        </test-method> <!-- setUp -->
        <test-method signature="flightFinderForm(java.lang.String, java.lang.String, java.lang.String, java.lang.String, java.lang.String, java.lang.String, java.lang.String, java.lang.String, java.lang.String, java.lang.String)[pri:2, instance:co.mercury.qa.testcases.FlightFinderTest@6e9175d8]" started-at="2020-07-13T11:33:18Z" name="flightFinderForm" data-provider="getTestData" finished-at="2020-07-13T11:33:22Z" duration-ms="3284" status="PASS">
          <params>
            <param index="0">
              <value>
                <![CDATA[oneway]]>
              </value>
            </param>
            <param index="1">
              <value>
                <![CDATA[1]]>
              </value>
            </param>
            <param index="2">
              <value>
                <![CDATA[Paris]]>
              </value>
            </param>
            <param index="3">
              <value>
                <![CDATA[July]]>
              </value>
            </param>
            <param index="4">
              <value>
                <![CDATA[26]]>
              </value>
            </param>
            <param index="5">
              <value>
                <![CDATA[New York]]>
              </value>
            </param>
            <param index="6">
              <value>
                <![CDATA[December]]>
              </value>
            </param>
            <param index="7">
              <value>
                <![CDATA[5]]>
              </value>
            </param>
            <param index="8">
              <value>
                <![CDATA[First]]>
              </value>
            </param>
            <param index="9">
              <value>
                <![CDATA[Pangea Airlines]]>
              </value>
            </param>
          </params>
          <reporter-output>
          </reporter-output>
        </test-method> <!-- flightFinderForm -->
        <test-method is-config="true" signature="tearDown()[pri:0, instance:co.mercury.qa.testcases.FlightFinderTest@6e9175d8]" started-at="2020-07-13T11:33:22Z" name="tearDown" finished-at="2020-07-13T11:33:23Z" duration-ms="1770" status="PASS">
          <reporter-output>
          </reporter-output>
        </test-method> <!-- tearDown -->
      </class> <!-- co.mercury.qa.testcases.FlightFinderTest -->
    </test> <!-- Flight Finder Test -->
    <test started-at="2020-07-13T18:33:23Z" name="Select Flight Test" finished-at="2020-07-13T18:33:59Z" duration-ms="35923">
      <class name="co.mercury.qa.testcases.SelectFlightTest">
        <test-method is-config="true" signature="setUp([Ljava.lang.Object;)[pri:0, instance:co.mercury.qa.testcases.SelectFlightTest@173ed316]" started-at="2020-07-13T11:33:24Z" name="setUp" finished-at="2020-07-13T11:33:39Z" duration-ms="14931" status="PASS">
          <params>
            <param index="0">
              <value>
                <![CDATA[[Ljava.lang.Object;@712c5463]]>
              </value>
            </param>
          </params>
          <reporter-output>
          </reporter-output>
        </test-method> <!-- setUp -->
        <test-method signature="verifySelectFlight(java.lang.String, java.lang.String)[pri:1, instance:co.mercury.qa.testcases.SelectFlightTest@173ed316]" started-at="2020-07-13T11:33:39Z" name="verifySelectFlight" data-provider="getSelectFlightTestData" finished-at="2020-07-13T11:33:40Z" duration-ms="1636" status="PASS">
          <params>
            <param index="0">
              <value>
                <![CDATA[Pangea Airlines$362$274$9:17]]>
              </value>
            </param>
            <param index="1">
              <value>
                <![CDATA[Pangea Airlines$632$282$16:37]]>
              </value>
            </param>
          </params>
          <reporter-output>
          </reporter-output>
        </test-method> <!-- verifySelectFlight -->
        <test-method is-config="true" signature="tearDown()[pri:0, instance:co.mercury.qa.testcases.SelectFlightTest@173ed316]" started-at="2020-07-13T11:33:40Z" name="tearDown" finished-at="2020-07-13T11:33:42Z" duration-ms="1782" status="PASS">
          <reporter-output>
          </reporter-output>
        </test-method> <!-- tearDown -->
        <test-method is-config="true" signature="setUp([Ljava.lang.Object;)[pri:0, instance:co.mercury.qa.testcases.SelectFlightTest@173ed316]" started-at="2020-07-13T11:33:42Z" name="setUp" finished-at="2020-07-13T11:33:56Z" duration-ms="14135" status="PASS">
          <params>
            <param index="0">
              <value>
                <![CDATA[[Ljava.lang.Object;@6d33a66e]]>
              </value>
            </param>
          </params>
          <reporter-output>
          </reporter-output>
        </test-method> <!-- setUp -->
        <test-method signature="verifySelectFlight(java.lang.String, java.lang.String)[pri:1, instance:co.mercury.qa.testcases.SelectFlightTest@173ed316]" started-at="2020-07-13T11:33:56Z" name="verifySelectFlight" data-provider="getSelectFlightTestData" finished-at="2020-07-13T11:33:58Z" duration-ms="1579" status="PASS">
          <params>
            <param index="0">
              <value>
                <![CDATA[Unified Airlines$363$281$11:24]]>
              </value>
            </param>
            <param index="1">
              <value>
                <![CDATA[Unified Airlines$633$303$18:44]]>
              </value>
            </param>
          </params>
          <reporter-output>
          </reporter-output>
        </test-method> <!-- verifySelectFlight -->
        <test-method is-config="true" signature="tearDown()[pri:0, instance:co.mercury.qa.testcases.SelectFlightTest@173ed316]" started-at="2020-07-13T11:33:58Z" name="tearDown" finished-at="2020-07-13T11:33:59Z" duration-ms="1747" status="PASS">
          <reporter-output>
          </reporter-output>
        </test-method> <!-- tearDown -->
      </class> <!-- co.mercury.qa.testcases.SelectFlightTest -->
    </test> <!-- Select Flight Test -->
  </suite> <!-- Suite -->
</testng-results>
